<?xml version="1.0" encoding="UTF-8"?>
<!-- Generated by org.testng.reporters.JUnitReportReporter -->
<testsuite hostname="INCHN-WS-485" name="Documents.BookingConfirmation" tests="1" failures="0" timestamp="4 Apr 2019 09:15:46 GMT" time="331.981" errors="0">
  <testcase name="BookingConfirmReport" time="331.981" classname="Documents.BookingConfirmation"/>
</testsuite> <!-- Documents.BookingConfirmation -->
